TN:
SF:src/errors/AppError.ts
FN:5,AppError
FNF:1
FNH:1
FNDA:1,AppError
DA:1,1
DA:2,1
DA:3,1
DA:4,1
DA:5,1
DA:6,1
DA:7,1
DA:8,1
DA:9,1
DA:10,1
DA:11,1
LF:11
LH:11
BRDA:5,0,0,1
BRF:1
BRH:1
end_of_record
TN:
SF:src/modules/accounts/entities/User.ts
FN:23,User
FNF:1
FNH:1
FNDA:1,User
DA:1,1
DA:2,1
DA:3,1
DA:4,1
DA:5,1
DA:6,1
DA:7,1
DA:8,1
DA:9,1
DA:10,1
DA:11,1
DA:12,1
DA:13,1
DA:14,1
DA:15,1
DA:16,1
DA:17,1
DA:18,1
DA:19,1
DA:20,1
DA:21,1
DA:22,1
DA:23,1
DA:24,1
DA:25,1
DA:26,1
DA:27,1
DA:28,1
LF:28
LH:28
BRDA:23,0,0,1
BRF:1
BRH:1
end_of_record
TN:
SF:src/modules/accounts/repositories/in-memory/UsersRepositoryInMemory.ts
FN:5,UsersRepositoryInMemory
FN:8,create
FN:26,findByEmail
FN:30,findById
FNF:4
FNH:3
FNDA:3,UsersRepositoryInMemory
FNDA:1,create
FNDA:4,findByEmail
FNDA:0,findById
DA:1,1
DA:2,1
DA:3,1
DA:4,1
DA:5,3
DA:6,3
DA:7,3
DA:8,3
DA:9,1
DA:10,1
DA:11,1
DA:12,1
DA:13,1
DA:14,1
DA:15,1
DA:16,1
DA:17,1
DA:18,1
DA:19,1
DA:20,1
DA:21,1
DA:22,1
DA:23,1
DA:24,1
DA:25,3
DA:26,3
DA:27,4
DA:28,4
DA:29,3
DA:30,3
DA:31,0
DA:32,0
DA:33,3
DA:34,1
DA:35,1
LF:35
LH:33
BRDA:5,0,0,3
BRDA:8,1,0,1
BRDA:26,2,0,4
BRDA:27,3,0,1
BRF:4
BRH:4
end_of_record
TN:
SF:src/modules/accounts/useCases/authenticateUser/AuthenticateUserUseCase.ts
FN:23,AuthenticateUserUseCase
FN:28,execute
FNF:2
FNH:2
FNDA:3,AuthenticateUserUseCase
FNDA:2,execute
DA:1,1
DA:2,1
DA:3,1
DA:4,1
DA:5,1
DA:6,1
DA:7,1
DA:8,1
DA:9,1
DA:10,1
DA:11,1
DA:12,1
DA:13,1
DA:14,1
DA:15,1
DA:16,1
DA:17,1
DA:18,1
DA:19,1
DA:20,1
DA:21,1
DA:22,1
DA:23,1
DA:24,3
DA:25,3
DA:26,3
DA:27,1
DA:28,1
DA:29,2
DA:30,2
DA:31,2
DA:32,1
DA:33,1
DA:34,1
DA:35,1
DA:36,1
DA:37,2
DA:38,0
DA:39,0
DA:40,2
DA:41,2
DA:42,2
DA:43,2
DA:44,2
DA:45,2
DA:46,2
DA:47,2
DA:48,2
DA:49,2
DA:50,2
DA:51,2
DA:52,2
DA:53,2
DA:54,2
DA:55,2
DA:56,1
DA:57,1
DA:58,1
LF:58
LH:56
BRDA:23,0,0,3
BRDA:28,1,0,2
BRDA:31,2,0,1
BRDA:37,3,0,0
BRF:4
BRH:3
end_of_record
TN:
SF:src/modules/accounts/useCases/createUser/CreateUserUseCase.ts
FN:10,CreateUserUseCase
FN:15,execute
FNF:2
FNH:2
FNDA:3,CreateUserUseCase
FNDA:2,execute
DA:1,1
DA:2,1
DA:3,1
DA:4,1
DA:5,1
DA:6,1
DA:7,1
DA:8,1
DA:9,1
DA:10,1
DA:11,3
DA:12,3
DA:13,3
DA:14,1
DA:15,1
DA:16,2
DA:17,2
DA:18,2
DA:19,2
DA:20,2
DA:21,2
DA:22,2
DA:23,0
DA:24,0
DA:25,2
DA:26,2
DA:27,2
DA:28,2
DA:29,2
DA:30,2
DA:31,2
DA:32,2
DA:33,2
DA:34,1
DA:35,1
DA:36,1
LF:36
LH:34
BRDA:10,0,0,3
BRDA:15,1,0,2
BRDA:22,2,0,0
BRF:3
BRH:2
end_of_record
TN:
SF:src/modules/cars/entities/Category.ts
FN:15,Category
FNF:1
FNH:1
FNDA:1,Category
DA:1,1
DA:2,1
DA:3,1
DA:4,1
DA:5,1
DA:6,1
DA:7,1
DA:8,1
DA:9,1
DA:10,1
DA:11,1
DA:12,1
DA:13,1
DA:14,1
DA:15,1
DA:16,1
DA:17,1
DA:18,1
DA:19,1
DA:20,1
LF:20
LH:20
BRDA:15,0,0,1
BRF:1
BRH:1
end_of_record
TN:
SF:src/modules/cars/repositories/in-memory/CategoriesRepositoryInMemory.ts
FN:8,CategoriesRepositoryInMemory
FN:11,create
FN:21,list
FN:24,findByName
FNF:4
FNH:3
FNDA:1,CategoriesRepositoryInMemory
FNDA:1,create
FNDA:0,list
FNDA:2,findByName
DA:1,1
DA:2,1
DA:3,1
DA:4,1
DA:5,1
DA:6,1
DA:7,1
DA:8,1
DA:9,1
DA:10,1
DA:11,1
DA:12,1
DA:13,1
DA:14,1
DA:15,1
DA:16,1
DA:17,1
DA:18,1
DA:19,1
DA:20,1
DA:21,1
DA:22,0
DA:23,0
DA:24,1
DA:25,2
DA:26,2
DA:27,2
DA:28,1
DA:29,1
DA:30,1
LF:30
LH:28
BRDA:8,0,0,1
BRDA:11,1,0,1
BRDA:24,2,0,2
BRDA:25,3,0,1
BRF:4
BRH:4
end_of_record
TN:
SF:src/modules/cars/useCases/createCategory/CreateCategoryUseCase.ts
FN:13,CreateCategoryUseCase
FN:18,execute
FNF:2
FNH:2
FNDA:1,CreateCategoryUseCase
FNDA:1,execute
DA:1,1
DA:2,1
DA:3,1
DA:4,1
DA:5,1
DA:6,1
DA:7,1
DA:8,1
DA:9,1
DA:10,1
DA:11,1
DA:12,1
DA:13,1
DA:14,1
DA:15,1
DA:16,1
DA:17,1
DA:18,1
DA:19,1
DA:20,1
DA:21,1
DA:22,1
DA:23,0
DA:24,0
DA:25,1
DA:26,1
DA:27,1
DA:28,1
DA:29,1
LF:29
LH:27
BRDA:13,0,0,1
BRDA:18,1,0,1
BRDA:22,2,0,0
BRF:3
BRH:2
end_of_record
